Determining if the __i386 exist failed with the following output:
Change Dir: C:/Users/user/ddnet/out/build/x64-Release/CMakeFiles/CMakeTmp

Run Build Command(s):C:/Program Files (x86)/Microsoft Visual Studio/2019/Community/Common7/IDE/CommonExtensions/Microsoft/CMake/Ninja/ninja.exe cmTC_33ffa && [1/2] Building C object CMakeFiles\cmTC_33ffa.dir\CheckSymbolExists.c.obj
FAILED: CMakeFiles/cmTC_33ffa.dir/CheckSymbolExists.c.obj 
C:\PROGRA~2\MIB055~1\2019\COMMUN~1\VC\Tools\MSVC\1428~1.293\bin\Hostx64\x64\cl.exe  /nologo   /DWIN32 /D_WINDOWS  /Zi /Ob0 /Od /RTC1 -MDd /showIncludes /FoCMakeFiles\cmTC_33ffa.dir\CheckSymbolExists.c.obj /FdCMakeFiles\cmTC_33ffa.dir\ /FS -c CheckSymbolExists.c
CheckSymbolExists.c(7): error C2065: '__i386': undeclared identifier
ninja: build stopped: subcommand failed.


File C:/Users/user/ddnet/out/build/x64-Release/CMakeFiles/CMakeTmp/CheckSymbolExists.c:
/* */

int main(int argc, char** argv)
{
  (void)argv;
#ifndef __i386
  return ((int*)(&__i386))[argc];
#else
  (void)argc;
  return 0;
#endif
}
Performing C SOURCE FILE Test FLAG_SUPPORTED_fdiagnostics_color_always failed with the following output:
Change Dir: C:/Users/user/ddnet/out/build/x64-Release/CMakeFiles/CMakeTmp

Run Build Command(s):C:/Program Files (x86)/Microsoft Visual Studio/2019/Community/Common7/IDE/CommonExtensions/Microsoft/CMake/Ninja/ninja.exe cmTC_287c6 && [1/2] Building C object CMakeFiles\cmTC_287c6.dir\src.c.obj
cl : Command line warning D9002 : ignoring unknown option '-fdiagnostics-color=always'
[2/2] Linking C executable cmTC_287c6.exe


Source file was:
int main(void) { return 0; }
Performing C SOURCE FILE Test FLAG_SUPPORTED_fcolor_diagnostics failed with the following output:
Change Dir: C:/Users/user/ddnet/out/build/x64-Release/CMakeFiles/CMakeTmp

Run Build Command(s):C:/Program Files (x86)/Microsoft Visual Studio/2019/Community/Common7/IDE/CommonExtensions/Microsoft/CMake/Ninja/ninja.exe cmTC_9f131 && [1/2] Building C object CMakeFiles\cmTC_9f131.dir\src.c.obj
cl : Command line warning D9002 : ignoring unknown option '-fcolor-diagnostics'
[2/2] Linking C executable cmTC_9f131.exe


Source file was:
int main(void) { return 0; }
Determining if the include file pthread.h exists failed with the following output:
Change Dir: C:/Users/user/ddnet/out/build/x64-Release/CMakeFiles/CMakeTmp

Run Build Command(s):C:/Program Files (x86)/Microsoft Visual Studio/2019/Community/Common7/IDE/CommonExtensions/Microsoft/CMake/Ninja/ninja.exe cmTC_d7eea && [1/2] Building C object CMakeFiles\cmTC_d7eea.dir\CheckIncludeFile.c.obj
FAILED: CMakeFiles/cmTC_d7eea.dir/CheckIncludeFile.c.obj 
C:\PROGRA~2\MIB055~1\2019\COMMUN~1\VC\Tools\MSVC\1428~1.293\bin\Hostx64\x64\cl.exe  /nologo   /DWIN32 /D_WINDOWS  /Zi /Ob0 /Od /RTC1 -MDd /showIncludes /FoCMakeFiles\cmTC_d7eea.dir\CheckIncludeFile.c.obj /FdCMakeFiles\cmTC_d7eea.dir\ /FS -c CheckIncludeFile.c
CheckIncludeFile.c(1): fatal error C1083: Cannot open include file: 'pthread.h': No such file or directory
ninja: build stopped: subcommand failed.



Determining if the WavpackOpenFileInputEx exist failed with the following output:
Change Dir: C:/Users/user/ddnet/out/build/x64-Release/CMakeFiles/CMakeTmp

Run Build Command(s):C:/Program Files (x86)/Microsoft Visual Studio/2019/Community/Common7/IDE/CommonExtensions/Microsoft/CMake/Ninja/ninja.exe cmTC_06e45 && [1/2] Building C object CMakeFiles\cmTC_06e45.dir\CheckSymbolExists.c.obj
FAILED: CMakeFiles/cmTC_06e45.dir/CheckSymbolExists.c.obj 
C:\PROGRA~2\MIB055~1\2019\COMMUN~1\VC\Tools\MSVC\1428~1.293\bin\Hostx64\x64\cl.exe  /nologo  -Isrc\engine\external\wavpack /DWIN32 /D_WINDOWS  /Zi /Ob0 /Od /RTC1 -MDd /showIncludes /FoCMakeFiles\cmTC_06e45.dir\CheckSymbolExists.c.obj /FdCMakeFiles\cmTC_06e45.dir\ /FS -c CheckSymbolExists.c
CheckSymbolExists.c(2): fatal error C1083: Cannot open include file: 'wavpack.h': No such file or directory
ninja: build stopped: subcommand failed.


File C:/Users/user/ddnet/out/build/x64-Release/CMakeFiles/CMakeTmp/CheckSymbolExists.c:
/* */
#include <wavpack.h>

int main(int argc, char** argv)
{
  (void)argv;
#ifndef WavpackOpenFileInputEx
  return ((int*)(&WavpackOpenFileInputEx))[argc];
#else
  (void)argc;
  return 0;
#endif
}
Determining if the WavpackCloseFile exist failed with the following output:
Change Dir: C:/Users/user/ddnet/out/build/x64-Release/CMakeFiles/CMakeTmp

Run Build Command(s):C:/Program Files (x86)/Microsoft Visual Studio/2019/Community/Common7/IDE/CommonExtensions/Microsoft/CMake/Ninja/ninja.exe cmTC_30f8b && [1/2] Building C object CMakeFiles\cmTC_30f8b.dir\CheckSymbolExists.c.obj
FAILED: CMakeFiles/cmTC_30f8b.dir/CheckSymbolExists.c.obj 
C:\PROGRA~2\MIB055~1\2019\COMMUN~1\VC\Tools\MSVC\1428~1.293\bin\Hostx64\x64\cl.exe  /nologo  -Isrc\engine\external\wavpack /DWIN32 /D_WINDOWS  /Zi /Ob0 /Od /RTC1 -MDd /showIncludes /FoCMakeFiles\cmTC_30f8b.dir\CheckSymbolExists.c.obj /FdCMakeFiles\cmTC_30f8b.dir\ /FS -c CheckSymbolExists.c
CheckSymbolExists.c(2): fatal error C1083: Cannot open include file: 'wavpack.h': No such file or directory
ninja: build stopped: subcommand failed.


File C:/Users/user/ddnet/out/build/x64-Release/CMakeFiles/CMakeTmp/CheckSymbolExists.c:
/* */
#include <wavpack.h>

int main(int argc, char** argv)
{
  (void)argv;
#ifndef WavpackCloseFile
  return ((int*)(&WavpackCloseFile))[argc];
#else
  (void)argc;
  return 0;
#endif
}
